

Started GET "/assets/rails.png" for 127.0.0.1 at 2012-09-12 19:21:37 -0400
Connecting to database specified by database.yml
Served asset /rails.png - 200 OK (6ms)


Started GET "/assets/rails.png" for 127.0.0.1 at 2012-09-16 17:10:56 -0400
Connecting to database specified by database.yml
Served asset /rails.png - 200 OK (1ms)


Started GET "/assets/rails.png" for 127.0.0.1 at 2012-09-16 17:20:16 -0400
Served asset /rails.png - 304 Not Modified (0ms)
Connecting to database specified by database.yml
Connecting to database specified by database.yml
Connecting to database specified by database.yml
Connecting to database specified by database.yml
Connecting to database specified by database.yml
Connecting to database specified by database.yml
Connecting to database specified by database.yml


Started GET "/" for 127.0.0.1 at 2012-09-16 19:33:21 -0400
Processing by HomeController#index as HTML
  Rendered home/index.html.erb within layouts/application (2.2ms)
Compiled home.css  (57ms)  (pid 2916)
Compiled application.css  (62ms)  (pid 2916)
Compiled jquery.js  (3ms)  (pid 2916)
Compiled jquery_ujs.js  (0ms)  (pid 2916)
Compiled home.js  (598ms)  (pid 2916)
Compiled application.js  (665ms)  (pid 2916)
Completed 200 OK in 827ms (Views: 826.5ms | ActiveRecord: 0.0ms)


Started GET "/assets/application.css?body=1" for 127.0.0.1 at 2012-09-16 19:33:22 -0400
Served asset /application.css - 200 OK (51ms)


Started GET "/assets/home.css?body=1" for 127.0.0.1 at 2012-09-16 19:33:22 -0400
Served asset /home.css - 200 OK (1ms)


Started GET "/assets/jquery.js?body=1" for 127.0.0.1 at 2012-09-16 19:33:22 -0400
Served asset /jquery.js - 200 OK (4ms)


Started GET "/assets/jquery_ujs.js?body=1" for 127.0.0.1 at 2012-09-16 19:33:22 -0400
Served asset /jquery_ujs.js - 200 OK (2ms)


Started GET "/assets/application.js?body=1" for 127.0.0.1 at 2012-09-16 19:33:22 -0400
Served asset /application.js - 200 OK (4ms)


Started GET "/assets/home.js?body=1" for 127.0.0.1 at 2012-09-16 19:33:22 -0400
Served asset /home.js - 200 OK (1ms)


Started GET "/user/sign_in" for 127.0.0.1 at 2012-09-16 19:33:46 -0400

ActionController::RoutingError (No route matches [GET] "/user/sign_in"):
  actionpack (3.2.8) lib/action_dispatch/middleware/debug_exceptions.rb:21:in `call'
  actionpack (3.2.8) lib/action_dispatch/middleware/show_exceptions.rb:56:in `call'
  railties (3.2.8) lib/rails/rack/logger.rb:26:in `call_app'
  railties (3.2.8) lib/rails/rack/logger.rb:16:in `call'
  actionpack (3.2.8) lib/action_dispatch/middleware/request_id.rb:22:in `call'
  rack (1.4.1) lib/rack/methodoverride.rb:21:in `call'
  rack (1.4.1) lib/rack/runtime.rb:17:in `call'
  activesupport (3.2.8) lib/active_support/cache/strategy/local_cache.rb:72:in `call'
  rack (1.4.1) lib/rack/lock.rb:15:in `call'
  actionpack (3.2.8) lib/action_dispatch/middleware/static.rb:62:in `call'
  railties (3.2.8) lib/rails/engine.rb:479:in `call'
  railties (3.2.8) lib/rails/application.rb:223:in `call'
  rack (1.4.1) lib/rack/content_length.rb:14:in `call'
  railties (3.2.8) lib/rails/rack/log_tailer.rb:17:in `call'
  rack (1.4.1) lib/rack/handler/webrick.rb:59:in `service'
  /usr/lib/ruby/1.9.1/webrick/httpserver.rb:138:in `service'
  /usr/lib/ruby/1.9.1/webrick/httpserver.rb:94:in `run'
  /usr/lib/ruby/1.9.1/webrick/server.rb:191:in `block in start_thread'


  Rendered /usr/lib/ruby/gems/1.9.1/gems/actionpack-3.2.8/lib/action_dispatch/middleware/templates/rescues/routing_error.erb within rescues/layout (0.6ms)


Started GET "/users/sign_in" for 127.0.0.1 at 2012-09-16 19:33:51 -0400
Processing by Devise::SessionsController#new as HTML
Completed 500 Internal Server Error in 121ms

ActiveRecord::StatementInvalid (Could not find table 'users'):
  activerecord (3.2.8) lib/active_record/connection_adapters/sqlite_adapter.rb:472:in `table_structure'
  activerecord (3.2.8) lib/active_record/connection_adapters/sqlite_adapter.rb:346:in `columns'
  activerecord (3.2.8) lib/active_record/connection_adapters/schema_cache.rb:12:in `block in initialize'
  activerecord (3.2.8) lib/active_record/model_schema.rb:228:in `yield'
  activerecord (3.2.8) lib/active_record/model_schema.rb:228:in `default'
  activerecord (3.2.8) lib/active_record/model_schema.rb:228:in `columns'
  activerecord (3.2.8) lib/active_record/model_schema.rb:243:in `column_defaults'
  activerecord (3.2.8) lib/active_record/base.rb:482:in `initialize'
  devise (2.1.2) app/controllers/devise_controller.rb:102:in `new'
  devise (2.1.2) app/controllers/devise_controller.rb:102:in `build_resource'
  devise (2.1.2) app/controllers/devise/sessions_controller.rb:8:in `new'
  actionpack (3.2.8) lib/action_controller/metal/implicit_render.rb:4:in `send_action'
  actionpack (3.2.8) lib/abstract_controller/base.rb:167:in `process_action'
  actionpack (3.2.8) lib/action_controller/metal/rendering.rb:10:in `process_action'
  actionpack (3.2.8) lib/abstract_controller/callbacks.rb:18:in `block in process_action'
  activesupport (3.2.8) lib/active_support/callbacks.rb:447:in `_run__2256404890659658627__process_action__894908087434867585__callbacks'
  activesupport (3.2.8) lib/active_support/callbacks.rb:405:in `__run_callback'
  activesupport (3.2.8) lib/active_support/callbacks.rb:385:in `_run_process_action_callbacks'
  activesupport (3.2.8) lib/active_support/callbacks.rb:81:in `run_callbacks'
  actionpack (3.2.8) lib/abstract_controller/callbacks.rb:17:in `process_action'
  actionpack (3.2.8) lib/action_controller/metal/rescue.rb:29:in `process_action'
  actionpack (3.2.8) lib/action_controller/metal/instrumentation.rb:30:in `block in process_action'
  activesupport (3.2.8) lib/active_support/notifications.rb:123:in `block in instrument'
  activesupport (3.2.8) lib/active_support/notifications/instrumenter.rb:20:in `instrument'
  activesupport (3.2.8) lib/active_support/notifications.rb:123:in `instrument'
  actionpack (3.2.8) lib/action_controller/metal/instrumentation.rb:29:in `process_action'
  actionpack (3.2.8) lib/action_controller/metal/params_wrapper.rb:207:in `process_action'
  activerecord (3.2.8) lib/active_record/railties/controller_runtime.rb:18:in `process_action'
  actionpack (3.2.8) lib/abstract_controller/base.rb:121:in `process'
  actionpack (3.2.8) lib/abstract_controller/rendering.rb:45:in `process'
  actionpack (3.2.8) lib/action_controller/metal.rb:203:in `dispatch'
  actionpack (3.2.8) lib/action_controller/metal/rack_delegation.rb:14:in `dispatch'
  actionpack (3.2.8) lib/action_controller/metal.rb:246:in `block in action'
  actionpack (3.2.8) lib/action_dispatch/routing/route_set.rb:73:in `call'
  actionpack (3.2.8) lib/action_dispatch/routing/route_set.rb:73:in `dispatch'
  actionpack (3.2.8) lib/action_dispatch/routing/route_set.rb:36:in `call'
  actionpack (3.2.8) lib/action_dispatch/routing/mapper.rb:42:in `call'
  journey (1.0.4) lib/journey/router.rb:68:in `block in call'
  journey (1.0.4) lib/journey/router.rb:56:in `each'
  journey (1.0.4) lib/journey/router.rb:56:in `call'
  actionpack (3.2.8) lib/action_dispatch/routing/route_set.rb:600:in `call'
  warden (1.2.1) lib/warden/manager.rb:35:in `block in call'
  warden (1.2.1) lib/warden/manager.rb:34:in `catch'
  warden (1.2.1) lib/warden/manager.rb:34:in `call'
  actionpack (3.2.8) lib/action_dispatch/middleware/best_standards_support.rb:17:in `call'
  rack (1.4.1) lib/rack/etag.rb:23:in `call'
  rack (1.4.1) lib/rack/conditionalget.rb:25:in `call'
  actionpack (3.2.8) lib/action_dispatch/middleware/head.rb:14:in `call'
  actionpack (3.2.8) lib/action_dispatch/middleware/params_parser.rb:21:in `call'
  actionpack (3.2.8) lib/action_dispatch/middleware/flash.rb:242:in `call'
  rack (1.4.1) lib/rack/session/abstract/id.rb:205:in `context'
  rack (1.4.1) lib/rack/session/abstract/id.rb:200:in `call'
  actionpack (3.2.8) lib/action_dispatch/middleware/cookies.rb:339:in `call'
  activerecord (3.2.8) lib/active_record/query_cache.rb:64:in `call'
  activerecord (3.2.8) lib/active_record/connection_adapters/abstract/connection_pool.rb:473:in `call'
  actionpack (3.2.8) lib/action_dispatch/middleware/callbacks.rb:28:in `block in call'
  activesupport (3.2.8) lib/active_support/callbacks.rb:405:in `_run__3749073045946866959__call__4140173477852193414__callbacks'
  activesupport (3.2.8) lib/active_support/callbacks.rb:405:in `__run_callback'
  activesupport (3.2.8) lib/active_support/callbacks.rb:385:in `_run_call_callbacks'
  activesupport (3.2.8) lib/active_support/callbacks.rb:81:in `run_callbacks'
  actionpack (3.2.8) lib/action_dispatch/middleware/callbacks.rb:27:in `call'
  actionpack (3.2.8) lib/action_dispatch/middleware/reloader.rb:65:in `call'
  actionpack (3.2.8) lib/action_dispatch/middleware/remote_ip.rb:31:in `call'
  actionpack (3.2.8) lib/action_dispatch/middleware/debug_exceptions.rb:16:in `call'
  actionpack (3.2.8) lib/action_dispatch/middleware/show_exceptions.rb:56:in `call'
  railties (3.2.8) lib/rails/rack/logger.rb:26:in `call_app'
  railties (3.2.8) lib/rails/rack/logger.rb:16:in `call'
  actionpack (3.2.8) lib/action_dispatch/middleware/request_id.rb:22:in `call'
  rack (1.4.1) lib/rack/methodoverride.rb:21:in `call'
  rack (1.4.1) lib/rack/runtime.rb:17:in `call'
  activesupport (3.2.8) lib/active_support/cache/strategy/local_cache.rb:72:in `call'
  rack (1.4.1) lib/rack/lock.rb:15:in `call'
  actionpack (3.2.8) lib/action_dispatch/middleware/static.rb:62:in `call'
  railties (3.2.8) lib/rails/engine.rb:479:in `call'
  railties (3.2.8) lib/rails/application.rb:223:in `call'
  rack (1.4.1) lib/rack/content_length.rb:14:in `call'
  railties (3.2.8) lib/rails/rack/log_tailer.rb:17:in `call'
  rack (1.4.1) lib/rack/handler/webrick.rb:59:in `service'
  /usr/lib/ruby/1.9.1/webrick/httpserver.rb:138:in `service'
  /usr/lib/ruby/1.9.1/webrick/httpserver.rb:94:in `run'
  /usr/lib/ruby/1.9.1/webrick/server.rb:191:in `block in start_thread'


  Rendered /usr/lib/ruby/gems/1.9.1/gems/actionpack-3.2.8/lib/action_dispatch/middleware/templates/rescues/_trace.erb (1.0ms)
  Rendered /usr/lib/ruby/gems/1.9.1/gems/actionpack-3.2.8/lib/action_dispatch/middleware/templates/rescues/_request_and_response.erb (0.7ms)
  Rendered /usr/lib/ruby/gems/1.9.1/gems/actionpack-3.2.8/lib/action_dispatch/middleware/templates/rescues/diagnostics.erb within rescues/layout (7.2ms)
Connecting to database specified by database.yml
  [1m[36m (0.1ms)[0m  [1mselect sqlite_version(*)[0m
  [1m[35m (133.7ms)[0m  CREATE TABLE "schema_migrations" ("version" varchar(255) NOT NULL) 
  [1m[36m (0.1ms)[0m  [1mPRAGMA index_list("schema_migrations")[0m
  [1m[35m (83.2ms)[0m  CREATE UNIQUE INDEX "unique_schema_migrations" ON "schema_migrations" ("version")
  [1m[36m (0.2ms)[0m  [1mSELECT "schema_migrations"."version" FROM "schema_migrations" [0m
Migrating to DeviseCreateUsers (20120916233307)
  [1m[35m (0.1ms)[0m  begin transaction
  [1m[36m (0.4ms)[0m  [1mCREATE TABLE "users" ("id" INTEGER PRIMARY KEY AUTOINCREMENT NOT NULL, "email" varchar(255) DEFAULT '' NOT NULL, "encrypted_password" varchar(255) DEFAULT '' NOT NULL, "reset_password_token" varchar(255), "reset_password_sent_at" datetime, "remember_created_at" datetime, "sign_in_count" integer DEFAULT 0, "current_sign_in_at" datetime, "last_sign_in_at" datetime, "current_sign_in_ip" varchar(255), "last_sign_in_ip" varchar(255), "created_at" datetime NOT NULL, "updated_at" datetime NOT NULL) [0m
  [1m[35m (0.0ms)[0m  PRAGMA index_list("users")
  [1m[36m (0.2ms)[0m  [1mCREATE UNIQUE INDEX "index_users_on_email" ON "users" ("email")[0m
  [1m[35m (0.0ms)[0m  PRAGMA index_list("users")
  [1m[36m (0.0ms)[0m  [1mPRAGMA index_info('index_users_on_email')[0m
  [1m[35m (0.1ms)[0m  CREATE UNIQUE INDEX "index_users_on_reset_password_token" ON "users" ("reset_password_token")
  [1m[36m (0.1ms)[0m  [1mINSERT INTO "schema_migrations" ("version") VALUES ('20120916233307')[0m
  [1m[35m (115.6ms)[0m  commit transaction
  [1m[36m (0.3ms)[0m  [1mselect sqlite_version(*)[0m
  [1m[35m (0.1ms)[0m  SELECT "schema_migrations"."version" FROM "schema_migrations" 
  [1m[36m (0.0ms)[0m  [1mPRAGMA index_list("users")[0m
  [1m[35m (0.0ms)[0m  PRAGMA index_info('index_users_on_reset_password_token')
  [1m[36m (0.0ms)[0m  [1mPRAGMA index_info('index_users_on_email')[0m
Connecting to database specified by database.yml


Started GET "/users/sign_in" for 127.0.0.1 at 2012-09-16 19:34:16 -0400
Processing by Devise::SessionsController#new as HTML
  Rendered /usr/lib/ruby/gems/1.9.1/gems/devise-2.1.2/app/views/devise/shared/_links.erb (1.4ms)
  Rendered /usr/lib/ruby/gems/1.9.1/gems/devise-2.1.2/app/views/devise/sessions/new.html.erb within layouts/application (61.2ms)
Completed 200 OK in 196ms (Views: 125.8ms | ActiveRecord: 1.7ms)


Started GET "/assets/application.css?body=1" for 127.0.0.1 at 2012-09-16 19:34:16 -0400
Served asset /application.css - 304 Not Modified (2ms)


Started GET "/assets/home.css?body=1" for 127.0.0.1 at 2012-09-16 19:34:16 -0400
Served asset /home.css - 304 Not Modified (1ms)


Started GET "/assets/jquery.js?body=1" for 127.0.0.1 at 2012-09-16 19:34:16 -0400
Served asset /jquery.js - 304 Not Modified (2ms)


Started GET "/assets/application.js?body=1" for 127.0.0.1 at 2012-09-16 19:34:16 -0400
Served asset /application.js - 304 Not Modified (7ms)


Started GET "/assets/home.js?body=1" for 127.0.0.1 at 2012-09-16 19:34:16 -0400
Served asset /home.js - 304 Not Modified (1ms)


Started GET "/assets/jquery_ujs.js?body=1" for 127.0.0.1 at 2012-09-16 19:34:16 -0400
Served asset /jquery_ujs.js - 304 Not Modified (1ms)
Connecting to database specified by database.yml


Started GET "/" for 127.0.0.1 at 2012-09-16 19:47:42 -0400
Processing by HomeController#index as HTML
  Rendered home/index.html.erb within layouts/application (36.2ms)
Compiled home.css  (11ms)  (pid 4790)
Compiled application.css  (20ms)  (pid 4790)
Compiled jquery.js  (56ms)  (pid 4790)
Compiled jquery_ujs.js  (0ms)  (pid 4790)
Compiled home.js  (238ms)  (pid 4790)
Compiled application.js  (336ms)  (pid 4790)
Completed 200 OK in 576ms (Views: 573.6ms | ActiveRecord: 0.0ms)


Started GET "/assets/application.css?body=1" for 127.0.0.1 at 2012-09-16 19:47:43 -0400
Served asset /application.css - 304 Not Modified (3ms)


Started GET "/assets/home.css?body=1" for 127.0.0.1 at 2012-09-16 19:47:43 -0400
Served asset /home.css - 304 Not Modified (61ms)


Started GET "/assets/jquery.js?body=1" for 127.0.0.1 at 2012-09-16 19:47:43 -0400
Served asset /jquery.js - 304 Not Modified (35ms)


Started GET "/assets/jquery_ujs.js?body=1" for 127.0.0.1 at 2012-09-16 19:47:43 -0400
Served asset /jquery_ujs.js - 304 Not Modified (7ms)


Started GET "/assets/home.js?body=1" for 127.0.0.1 at 2012-09-16 19:47:43 -0400
Served asset /home.js - 304 Not Modified (7ms)


Started GET "/assets/application.js?body=1" for 127.0.0.1 at 2012-09-16 19:47:43 -0400
Served asset /application.js - 304 Not Modified (120ms)


Started GET "/users/sign_in" for 127.0.0.1 at 2012-09-16 19:47:53 -0400
Processing by Devise::SessionsController#new as HTML
  Rendered /home/andy/.rvm/gems/ruby-1.9.3-p194/gems/devise-2.1.2/app/views/devise/shared/_links.erb (11.0ms)
  Rendered /home/andy/.rvm/gems/ruby-1.9.3-p194/gems/devise-2.1.2/app/views/devise/sessions/new.html.erb within layouts/application (133.7ms)
Completed 200 OK in 356ms (Views: 180.7ms | ActiveRecord: 12.2ms)


Started GET "/assets/application.css?body=1" for 127.0.0.1 at 2012-09-16 19:47:54 -0400
Served asset /application.css - 304 Not Modified (46ms)


Started GET "/assets/home.css?body=1" for 127.0.0.1 at 2012-09-16 19:47:54 -0400
Served asset /home.css - 304 Not Modified (0ms)


Started GET "/assets/jquery.js?body=1" for 127.0.0.1 at 2012-09-16 19:47:54 -0400
Served asset /jquery.js - 304 Not Modified (54ms)


Started GET "/assets/jquery_ujs.js?body=1" for 127.0.0.1 at 2012-09-16 19:47:54 -0400
Served asset /jquery_ujs.js - 304 Not Modified (0ms)


Started GET "/assets/application.js?body=1" for 127.0.0.1 at 2012-09-16 19:47:54 -0400
Served asset /application.js - 304 Not Modified (11ms)


Started GET "/assets/home.js?body=1" for 127.0.0.1 at 2012-09-16 19:47:54 -0400
Served asset /home.js - 304 Not Modified (0ms)
Connecting to database specified by database.yml
Connecting to database specified by database.yml
  [1m[36m (0.1ms)[0m  [1mSELECT "schema_migrations"."version" FROM "schema_migrations" [0m
Migrating to DeviseCreateUsers (20120916233307)
Migrating to AddRoleToUsers (20120917221557)
  [1m[35m (0.0ms)[0m  select sqlite_version(*)
  [1m[36m (0.0ms)[0m  [1mbegin transaction[0m
  [1m[35m (2.4ms)[0m  ALTER TABLE "users" ADD "role" varchar(255)
  [1m[36m (0.1ms)[0m  [1mINSERT INTO "schema_migrations" ("version") VALUES ('20120917221557')[0m
  [1m[35m (16.7ms)[0m  commit transaction
  [1m[36m (0.2ms)[0m  [1mselect sqlite_version(*)[0m
  [1m[35m (0.1ms)[0m  SELECT "schema_migrations"."version" FROM "schema_migrations" 
  [1m[36m (0.0ms)[0m  [1mPRAGMA index_list("users")[0m
  [1m[35m (0.1ms)[0m  PRAGMA index_info('index_users_on_reset_password_token')
  [1m[36m (0.0ms)[0m  [1mPRAGMA index_info('index_users_on_email')[0m
Connecting to database specified by database.yml
Connecting to database specified by database.yml
Connecting to database specified by database.yml
Connecting to database specified by database.yml
Connecting to database specified by database.yml
