Importing students
***NEW***
{"first_name"=>"Jackson", "last_name"=>" Melling", "email"=>" mellinja@gmail.com", "role"=>"student"}
nil
Importing students
***NEW***
{"first_name"=>"Jackson", "last_name"=>" Melling", "email"=>" mellinja@gmail.com", "role"=>"student"}
 mellinja@gmail.com
nil
Importing students
***NEW***
{"first_name"=>"Jackson", "last_name"=>"Melling", "email"=>"mellinja@gmail.com", "role"=>"student"}
mellinja@gmail.com
#<User id: 41, email: "mellinja@gmail.com", encrypted_password: "$2a$10$mK.fwfERw3nOAqNSlVVXzuV/QqjEebY3YOriQn8zBWu8...", reset_password_token: "uzuSgRjgId1f", reset_password_sent_at: "2013-01-09 18:02:34", remember_created_at: nil, sign_in_count: 0, current_sign_in_at: nil, last_sign_in_at: nil, current_sign_in_ip: nil, last_sign_in_ip: nil, created_at: "2013-01-09 18:02:34", updated_at: "2013-01-09 18:02:34", role: "student", first_name: "Jackson", last_name: " Melling", deleted_at: nil>
***NEW***
{"first_name"=>"Brandon", "last_name"=>"Knight", "email"=>"knightbk@rose-hulman.edu", "role"=>"ta"}
knightbk@rose-hulman.edu
#<User id: 40, email: "knightbk@rose-hulman.edu", encrypted_password: "$2a$10$b6ue4z7iuCY8ZveWTyh8XOd8RXx0nojjvm66iR3Jp4Op...", reset_password_token: "kbkyBpePz1ZO", reset_password_sent_at: "2013-01-09 17:47:59", remember_created_at: nil, sign_in_count: 0, current_sign_in_at: nil, last_sign_in_at: nil, current_sign_in_ip: nil, last_sign_in_ip: nil, created_at: "2013-01-09 17:47:59", updated_at: "2013-01-09 17:47:59", role: "student", first_name: "Brandon", last_name: " Knight", deleted_at: nil>
Importing students
***NEW***
{"first_name"=>"Jackson", "last_name"=>"Melling", "email"=>"mellinja@gmail.com", "role"=>"student"}
mellinja@gmail.com
#<User id: 41, email: "mellinja@gmail.com", encrypted_password: "$2a$10$mK.fwfERw3nOAqNSlVVXzuV/QqjEebY3YOriQn8zBWu8...", reset_password_token: "uzuSgRjgId1f", reset_password_sent_at: "2013-01-09 18:02:34", remember_created_at: nil, sign_in_count: 0, current_sign_in_at: nil, last_sign_in_at: nil, current_sign_in_ip: nil, last_sign_in_ip: nil, created_at: "2013-01-09 18:02:34", updated_at: "2013-01-09 18:02:34", role: "student", first_name: "Jackson", last_name: " Melling", deleted_at: nil>
***NEW***
{"first_name"=>"Brandon", "last_name"=>"Knight", "email"=>"knightbk@rose-hulman.edu", "role"=>"ta"}
knightbk@rose-hulman.edu
#<User id: 40, email: "knightbk@rose-hulman.edu", encrypted_password: "$2a$10$b6ue4z7iuCY8ZveWTyh8XOd8RXx0nojjvm66iR3Jp4Op...", reset_password_token: "kbkyBpePz1ZO", reset_password_sent_at: "2013-01-09 17:47:59", remember_created_at: nil, sign_in_count: 0, current_sign_in_at: nil, last_sign_in_at: nil, current_sign_in_ip: nil, last_sign_in_ip: nil, created_at: "2013-01-09 17:47:59", updated_at: "2013-01-09 17:47:59", role: "student", first_name: "Brandon", last_name: " Knight", deleted_at: nil>
Importing students
***NEW***
{"first_name"=>"Jackson", "last_name"=>"Melling", "email"=>"mellinja@gmail.com", "role"=>"student"}
mellinja@gmail.com
#<User id: 41, email: "mellinja@gmail.com", encrypted_password: "$2a$10$mK.fwfERw3nOAqNSlVVXzuV/QqjEebY3YOriQn8zBWu8...", reset_password_token: "uzuSgRjgId1f", reset_password_sent_at: "2013-01-09 18:02:34", remember_created_at: nil, sign_in_count: 0, current_sign_in_at: nil, last_sign_in_at: nil, current_sign_in_ip: nil, last_sign_in_ip: nil, created_at: "2013-01-09 18:02:34", updated_at: "2013-01-09 18:02:34", role: "student", first_name: "Jackson", last_name: " Melling", deleted_at: nil>
***NEW***
{"first_name"=>"Brandon", "last_name"=>"Knight", "email"=>"knightbk@rose-hulman.edu", "role"=>"ta"}
knightbk@rose-hulman.edu
#<User id: 40, email: "knightbk@rose-hulman.edu", encrypted_password: "$2a$10$b6ue4z7iuCY8ZveWTyh8XOd8RXx0nojjvm66iR3Jp4Op...", reset_password_token: "kbkyBpePz1ZO", reset_password_sent_at: "2013-01-09 17:47:59", remember_created_at: nil, sign_in_count: 0, current_sign_in_at: nil, last_sign_in_at: nil, current_sign_in_ip: nil, last_sign_in_ip: nil, created_at: "2013-01-09 17:47:59", updated_at: "2013-01-09 17:47:59", role: "student", first_name: "Brandon", last_name: " Knight", deleted_at: nil>
